<?xml version="1.0" encoding="UTF-8"?>
<coverage generated="1759114132573" clover="3.2.0">
  <project timestamp="1759114132574" name="All files">
    <metrics statements="11" coveredstatements="11" conditionals="16" coveredconditionals="16" methods="8" coveredmethods="8" elements="35" coveredelements="35" complexity="0" loc="11" ncloc="11" packages="1" files="3" classes="3"/>
    <file name="DocumentEditor.jsx" path="/home/h3rmano/Study/act-test-env/h2o-editor-frontend/src/document-components/DocumentEditor.jsx">
      <metrics statements="2" coveredstatements="2" conditionals="10" coveredconditionals="10" methods="1" coveredmethods="1"/>
      <line num="15" count="9" type="stmt"/>
      <line num="17" count="9" type="stmt"/>
    </file>
    <file name="DocumentForm.jsx" path="/home/h3rmano/Study/act-test-env/h2o-editor-frontend/src/document-components/DocumentForm.jsx">
      <metrics statements="4" coveredstatements="4" conditionals="4" coveredconditionals="4" methods="3" coveredmethods="3"/>
      <line num="18" count="13" type="stmt"/>
      <line num="20" count="13" type="stmt"/>
      <line num="28" count="5" type="stmt"/>
      <line num="36" count="5" type="stmt"/>
    </file>
    <file name="SavedDocuments.jsx" path="/home/h3rmano/Study/act-test-env/h2o-editor-frontend/src/document-components/SavedDocuments.jsx">
      <metrics statements="5" coveredstatements="5" conditionals="2" coveredconditionals="2" methods="4" coveredmethods="4"/>
      <line num="13" count="5" type="stmt"/>
      <line num="15" count="5" type="stmt"/>
      <line num="21" count="12" type="stmt"/>
      <line num="22" count="1" type="stmt"/>
      <line num="24" count="1" type="stmt"/>
    </file>
  </project>
</coverage>
