{"/home/h3rmano/Study/act-test-env/h2o-editor-frontend/src/document-components/DocumentEditor.jsx": {"path":"/home/h3rmano/Study/act-test-env/h2o-editor-frontend/src/document-components/DocumentEditor.jsx","statementMap":{"0":{"start":{"line":15,"column":8},"end":{"line":15,"column":28}},"1":{"start":{"line":17,"column":4},"end":{"line":39,"column":6}}},"fnMap":{"0":{"name":"DocumentEditor","decl":{"start":{"line":10,"column":9},"end":{"line":10,"column":23}},"loc":{"start":{"line":10,"column":26},"end":{"line":40,"column":1}},"line":10}},"branchMap":{"0":{"loc":{"start":{"line":22,"column":17},"end":{"line":24,"column":17}},"type":"binary-expr","locations":[{"start":{"line":22,"column":17},"end":{"line":22,"column":32}},{"start":{"line":23,"column":20},"end":{"line":23,"column":117}}],"line":22},"1":{"loc":{"start":{"line":25,"column":17},"end":{"line":27,"column":17}},"type":"binary-expr","locations":[{"start":{"line":25,"column":18},"end":{"line":25,"column":35}},{"start":{"line":25,"column":39},"end":{"line":25,"column":56}},{"start":{"line":26,"column":20},"end":{"line":26,"column":119}}],"line":25},"2":{"loc":{"start":{"line":33,"column":13},"end":{"line":37,"column":13}},"type":"cond-expr","locations":[{"start":{"line":34,"column":16},"end":{"line":34,"column":34}},{"start":{"line":35,"column":16},"end":{"line":37,"column":13}}],"line":33},"3":{"loc":{"start":{"line":35,"column":16},"end":{"line":37,"column":13}},"type":"binary-expr","locations":[{"start":{"line":35,"column":17},"end":{"line":35,"column":34}},{"start":{"line":35,"column":38},"end":{"line":35,"column":55}},{"start":{"line":36,"column":16},"end":{"line":36,"column":32}}],"line":35}},"s":{"0":9,"1":9},"f":{"0":9},"b":{"0":[9,3],"1":[9,6,6],"2":[3,6],"3":[6,3,6]},"_coverageSchema":"1a1c01bbd47fc00a2c39e90264f33305004495a9","hash":"301e788bedf9127000dff77ee134066adbb143e6"}
,"/home/h3rmano/Study/act-test-env/h2o-editor-frontend/src/document-components/DocumentForm.jsx": {"path":"/home/h3rmano/Study/act-test-env/h2o-editor-frontend/src/document-components/DocumentForm.jsx","statementMap":{"0":{"start":{"line":18,"column":8},"end":{"line":18,"column":28}},"1":{"start":{"line":20,"column":4},"end":{"line":45,"column":6}},"2":{"start":{"line":28,"column":33},"end":{"line":28,"column":57}},"3":{"start":{"line":36,"column":33},"end":{"line":36,"column":59}}},"fnMap":{"0":{"name":"DocumentForm","decl":{"start":{"line":8,"column":9},"end":{"line":8,"column":21}},"loc":{"start":{"line":8,"column":24},"end":{"line":46,"column":1}},"line":8},"1":{"name":"(anonymous_1)","decl":{"start":{"line":28,"column":26},"end":{"line":28,"column":27}},"loc":{"start":{"line":28,"column":33},"end":{"line":28,"column":57}},"line":28},"2":{"name":"(anonymous_2)","decl":{"start":{"line":36,"column":26},"end":{"line":36,"column":27}},"loc":{"start":{"line":36,"column":33},"end":{"line":36,"column":59}},"line":36}},"branchMap":{"0":{"loc":{"start":{"line":39,"column":62},"end":{"line":39,"column":113}},"type":"cond-expr","locations":[{"start":{"line":39,"column":82},"end":{"line":39,"column":96}},{"start":{"line":39,"column":99},"end":{"line":39,"column":113}}],"line":39},"1":{"loc":{"start":{"line":40,"column":17},"end":{"line":40,"column":78}},"type":"cond-expr","locations":[{"start":{"line":40,"column":37},"end":{"line":40,"column":58}},{"start":{"line":40,"column":61},"end":{"line":40,"column":78}}],"line":40}},"s":{"0":13,"1":13,"2":5,"3":5},"f":{"0":13,"1":5,"2":5},"b":{"0":[8,5],"1":[8,5]},"_coverageSchema":"1a1c01bbd47fc00a2c39e90264f33305004495a9","hash":"34132abcb36e4ecd1865066e444c1a2eb5ed3177"}
,"/home/h3rmano/Study/act-test-env/h2o-editor-frontend/src/document-components/SavedDocuments.jsx": {"path":"/home/h3rmano/Study/act-test-env/h2o-editor-frontend/src/document-components/SavedDocuments.jsx","statementMap":{"0":{"start":{"line":13,"column":8},"end":{"line":13,"column":28}},"1":{"start":{"line":15,"column":4},"end":{"line":31,"column":6}},"2":{"start":{"line":21,"column":20},"end":{"line":26,"column":26}},"3":{"start":{"line":22,"column":75},"end":{"line":22,"column":96}},"4":{"start":{"line":24,"column":78},"end":{"line":24,"column":98}},"5":{"start":{"line":24,"column":99},"end":{"line":24,"column":123}}},"fnMap":{"0":{"name":"SavedDocuments","decl":{"start":{"line":8,"column":9},"end":{"line":8,"column":23}},"loc":{"start":{"line":8,"column":26},"end":{"line":32,"column":1}},"line":8},"1":{"name":"(anonymous_1)","decl":{"start":{"line":20,"column":69},"end":{"line":20,"column":70}},"loc":{"start":{"line":21,"column":20},"end":{"line":26,"column":26}},"line":21},"2":{"name":"(anonymous_2)","decl":{"start":{"line":22,"column":69},"end":{"line":22,"column":70}},"loc":{"start":{"line":22,"column":75},"end":{"line":22,"column":96}},"line":22},"3":{"name":"(anonymous_3)","decl":{"start":{"line":24,"column":69},"end":{"line":24,"column":70}},"loc":{"start":{"line":24,"column":76},"end":{"line":24,"column":125}},"line":24}},"branchMap":{"0":{"loc":{"start":{"line":20,"column":17},"end":{"line":27,"column":18}},"type":"binary-expr","locations":[{"start":{"line":20,"column":17},"end":{"line":20,"column":46}},{"start":{"line":20,"column":50},"end":{"line":27,"column":18}}],"line":20}},"s":{"0":5,"1":5,"2":12,"3":1,"4":1,"5":1},"f":{"0":5,"1":12,"2":1,"3":1},"b":{"0":[5,5]},"_coverageSchema":"1a1c01bbd47fc00a2c39e90264f33305004495a9","hash":"09f5d8007747c84b0f62efb7a2b8048feb9f4bc0"}
}
