TN:
SF:src/document-components/DocumentEditor.jsx
FN:10,DocumentEditor
FNF:1
FNH:1
FNDA:9,DocumentEditor
DA:15,9
DA:17,9
LF:2
LH:2
BRDA:22,0,0,9
BRDA:22,0,1,3
BRDA:25,1,0,9
BRDA:25,1,1,6
BRDA:25,1,2,6
BRDA:33,2,0,3
BRDA:33,2,1,6
BRDA:35,3,0,6
BRDA:35,3,1,3
BRDA:35,3,2,6
BRF:10
BRH:10
end_of_record
TN:
SF:src/document-components/DocumentForm.jsx
FN:8,DocumentForm
FN:28,(anonymous_1)
FN:36,(anonymous_2)
FNF:3
FNH:3
FNDA:13,DocumentForm
FNDA:5,(anonymous_1)
FNDA:5,(anonymous_2)
DA:18,13
DA:20,13
DA:28,5
DA:36,5
LF:4
LH:4
BRDA:39,0,0,8
BRDA:39,0,1,5
BRDA:40,1,0,8
BRDA:40,1,1,5
BRF:4
BRH:4
end_of_record
TN:
SF:src/document-components/SavedDocuments.jsx
FN:8,SavedDocuments
FN:20,(anonymous_1)
FN:22,(anonymous_2)
FN:24,(anonymous_3)
FNF:4
FNH:4
FNDA:5,SavedDocuments
FNDA:12,(anonymous_1)
FNDA:1,(anonymous_2)
FNDA:1,(anonymous_3)
DA:13,5
DA:15,5
DA:21,12
DA:22,1
DA:24,1
LF:5
LH:5
BRDA:20,0,0,5
BRDA:20,0,1,5
BRF:2
BRH:2
end_of_record
